feb 23, 2015 5:54:42 PM org.apache.catalina.core.AprLifecycleListener init
Información: La biblioteca nativa de Apache Tomcat basada en ARP que permite un rendimiento óptimo en entornos de desarrollo no ha sido hallada en java.library.path: C:\DOCUMENTOS\master2\seguridad\WebGoat-5.4\java\bin;C:\Windows\Sun\Java\bin;C:\Windows\system32;C:\Windows;C:\Program Files (x86)\CollabNet;C:\utils\radstudio\radstudio\Embarcadero\RAD Studio\12.0\bin;C:\Users\Public\Documents\RAD Studio\12.0\Bpl;C:\utils\radstudio\radstudio\Embarcadero\RAD Studio\12.0\bin64;C:\Users\Public\Documents\RAD Studio\12.0\Bpl\Win64;C:\Windows\system32;C:\Windows;C:\Windows\System32\Wbem;C:\Windows\System32\WindowsPowerShell\v1.0\;C:\utils\Git\cmd;C:\Program Files (x86)\GnuWin32\bin;.
feb 23, 2015 5:54:43 PM org.apache.catalina.startup.SetAllPropertiesRule begin
Advertencia: [SetAllPropertiesRule]{Server/Service/Connector} Setting property 'maxSpareThreads' to '75' did not find a matching property.
feb 23, 2015 5:54:43 PM org.apache.catalina.core.AprLifecycleListener init
Información: La biblioteca nativa de Apache Tomcat basada en ARP que permite un rendimiento óptimo en entornos de desarrollo no ha sido hallada en java.library.path: C:\DOCUMENTOS\master2\seguridad\WebGoat-5.4\java\bin;C:\Windows\Sun\Java\bin;C:\Windows\system32;C:\Windows;C:\Program Files (x86)\CollabNet;C:\utils\radstudio\radstudio\Embarcadero\RAD Studio\12.0\bin;C:\Users\Public\Documents\RAD Studio\12.0\Bpl;C:\utils\radstudio\radstudio\Embarcadero\RAD Studio\12.0\bin64;C:\Users\Public\Documents\RAD Studio\12.0\Bpl\Win64;C:\Windows\system32;C:\Windows;C:\Windows\System32\Wbem;C:\Windows\System32\WindowsPowerShell\v1.0\;C:\utils\Git\cmd;C:\Program Files (x86)\GnuWin32\bin;.
feb 23, 2015 5:54:43 PM org.apache.catalina.startup.SetAllPropertiesRule begin
Advertencia: [SetAllPropertiesRule]{Server/Service/Connector} Setting property 'maxSpareThreads' to '75' did not find a matching property.
feb 23, 2015 5:54:44 PM org.apache.coyote.AbstractProtocol init
Información: Initializing ProtocolHandler ["http-bio-127.0.0.1-80"]
feb 23, 2015 5:54:44 PM org.apache.coyote.AbstractProtocol init
Información: Initializing ProtocolHandler ["http-bio-127.0.0.1-8080"]
feb 23, 2015 5:54:44 PM org.apache.coyote.AbstractProtocol init
Información: Initializing ProtocolHandler ["ajp-bio-8009"]
feb 23, 2015 5:54:44 PM org.apache.coyote.AbstractProtocol init
Información: Initializing ProtocolHandler ["ajp-bio-8009"]
feb 23, 2015 5:54:44 PM org.apache.catalina.startup.Catalina load
Información: Initialization processed in 2694 ms
feb 23, 2015 5:54:44 PM org.apache.coyote.AbstractProtocol init
Grave: Failed to initialize end point associated with ProtocolHandler ["ajp-bio-8009"]
java.net.BindException: Address already in use: JVM_Bind <null>:8009
	at org.apache.tomcat.util.net.JIoEndpoint.bind(JIoEndpoint.java:393)
	at org.apache.tomcat.util.net.AbstractEndpoint.init(AbstractEndpoint.java:566)
	at org.apache.coyote.AbstractProtocol.init(AbstractProtocol.java:417)
	at org.apache.catalina.connector.Connector.initInternal(Connector.java:956)
	at org.apache.catalina.util.LifecycleBase.init(LifecycleBase.java:102)
	at org.apache.catalina.core.StandardService.initInternal(StandardService.java:559)
	at org.apache.catalina.util.LifecycleBase.init(LifecycleBase.java:102)
	at org.apache.catalina.core.StandardServer.initInternal(StandardServer.java:814)
	at org.apache.catalina.util.LifecycleBase.init(LifecycleBase.java:102)
	at org.apache.catalina.startup.Catalina.load(Catalina.java:624)
	at org.apache.catalina.startup.Catalina.load(Catalina.java:649)
	at sun.reflect.NativeMethodAccessorImpl.invoke0(Native Method)
	at sun.reflect.NativeMethodAccessorImpl.invoke(Unknown Source)
	at sun.reflect.DelegatingMethodAccessorImpl.invoke(Unknown Source)
	at java.lang.reflect.Method.invoke(Unknown Source)
	at org.apache.catalina.startup.Bootstrap.load(Bootstrap.java:281)
	at org.apache.catalina.startup.Bootstrap.main(Bootstrap.java:449)
Caused by: java.net.BindException: Address already in use: JVM_Bind
	at java.net.DualStackPlainSocketImpl.bind0(Native Method)
	at java.net.DualStackPlainSocketImpl.socketBind(Unknown Source)
	at java.net.AbstractPlainSocketImpl.bind(Unknown Source)
	at java.net.PlainSocketImpl.bind(Unknown Source)
	at java.net.ServerSocket.bind(Unknown Source)
	at java.net.ServerSocket.<init>(Unknown Source)
	at java.net.ServerSocket.<init>(Unknown Source)
	at org.apache.tomcat.util.net.DefaultServerSocketFactory.createSocket(DefaultServerSocketFactory.java:49)
	at org.apache.tomcat.util.net.JIoEndpoint.bind(JIoEndpoint.java:380)
	... 16 more

feb 23, 2015 5:54:44 PM org.apache.catalina.core.StandardService initInternal
Grave: No pude inicializar el conector [Connector[AJP/1.3-8009]]
org.apache.catalina.LifecycleException: Failed to initialize component [Connector[AJP/1.3-8009]]
	at org.apache.catalina.util.LifecycleBase.init(LifecycleBase.java:106)
	at org.apache.catalina.core.StandardService.initInternal(StandardService.java:559)
	at org.apache.catalina.util.LifecycleBase.init(LifecycleBase.java:102)
	at org.apache.catalina.core.StandardServer.initInternal(StandardServer.java:814)
	at org.apache.catalina.util.LifecycleBase.init(LifecycleBase.java:102)
	at org.apache.catalina.startup.Catalina.load(Catalina.java:624)
	at org.apache.catalina.startup.Catalina.load(Catalina.java:649)
	at sun.reflect.NativeMethodAccessorImpl.invoke0(Native Method)
	at sun.reflect.NativeMethodAccessorImpl.invoke(Unknown Source)
	at sun.reflect.DelegatingMethodAccessorImpl.invoke(Unknown Source)
	at java.lang.reflect.Method.invoke(Unknown Source)
	at org.apache.catalina.startup.Bootstrap.load(Bootstrap.java:281)
	at org.apache.catalina.startup.Bootstrap.main(Bootstrap.java:449)
Caused by: org.apache.catalina.LifecycleException: Falló la inicialización del manejador de protocolo
	at org.apache.catalina.connector.Connector.initInternal(Connector.java:958)
	at org.apache.catalina.util.LifecycleBase.init(LifecycleBase.java:102)
	... 12 more
Caused by: java.net.BindException: Address already in use: JVM_Bind <null>:8009
	at org.apache.tomcat.util.net.JIoEndpoint.bind(JIoEndpoint.java:393)
	at org.apache.tomcat.util.net.AbstractEndpoint.init(AbstractEndpoint.java:566)
	at org.apache.coyote.AbstractProtocol.init(AbstractProtocol.java:417)
	at org.apache.catalina.connector.Connector.initInternal(Connector.java:956)
	... 13 more
Caused by: java.net.BindException: Address already in use: JVM_Bind
	at java.net.DualStackPlainSocketImpl.bind0(Native Method)
	at java.net.DualStackPlainSocketImpl.socketBind(Unknown Source)
	at java.net.AbstractPlainSocketImpl.bind(Unknown Source)
	at java.net.PlainSocketImpl.bind(Unknown Source)
	at java.net.ServerSocket.bind(Unknown Source)
	at java.net.ServerSocket.<init>(Unknown Source)
	at java.net.ServerSocket.<init>(Unknown Source)
	at org.apache.tomcat.util.net.DefaultServerSocketFactory.createSocket(DefaultServerSocketFactory.java:49)
	at org.apache.tomcat.util.net.JIoEndpoint.bind(JIoEndpoint.java:380)
	... 16 more

feb 23, 2015 5:54:44 PM org.apache.catalina.startup.Catalina load
Información: Initialization processed in 1010 ms
feb 23, 2015 5:54:44 PM org.apache.catalina.core.StandardService startInternal
Información: Arrancando servicio Catalina
feb 23, 2015 5:54:44 PM org.apache.catalina.core.StandardService startInternal
Información: Arrancando servicio Catalina
feb 23, 2015 5:54:44 PM org.apache.catalina.core.StandardEngine startInternal
Información: Starting Servlet Engine: Apache Tomcat/7.0.27
feb 23, 2015 5:54:44 PM org.apache.catalina.core.StandardEngine startInternal
Información: Starting Servlet Engine: Apache Tomcat/7.0.27
feb 23, 2015 5:54:44 PM org.apache.catalina.startup.HostConfig deployWAR
Información: Despliegue del archivo C:\DOCUMENTOS\master2\seguridad\WebGoat-5.4\tomcat\webapps\WebGoat.war de la aplicación web
feb 23, 2015 5:54:44 PM org.apache.catalina.startup.HostConfig deployWAR
Información: Despliegue del archivo C:\DOCUMENTOS\master2\seguridad\WebGoat-5.4\tomcat\webapps\WebGoat.war de la aplicación web
feb 23, 2015 5:54:48 PM org.apache.catalina.startup.HostConfig deployDirectory
Información: Despliegue del directorio C:\DOCUMENTOS\master2\seguridad\WebGoat-5.4\tomcat\webapps\host-manager de la aplicación web
feb 23, 2015 5:54:48 PM org.apache.catalina.startup.HostConfig deployDirectory
Información: Despliegue del directorio C:\DOCUMENTOS\master2\seguridad\WebGoat-5.4\tomcat\webapps\host-manager de la aplicación web
feb 23, 2015 5:54:48 PM org.apache.catalina.startup.HostConfig deployDirectory
Información: Despliegue del directorio C:\DOCUMENTOS\master2\seguridad\WebGoat-5.4\tomcat\webapps\manager de la aplicación web
feb 23, 2015 5:54:48 PM org.apache.catalina.startup.HostConfig deployDirectory
Información: Despliegue del directorio C:\DOCUMENTOS\master2\seguridad\WebGoat-5.4\tomcat\webapps\manager de la aplicación web
feb 23, 2015 5:54:48 PM org.apache.catalina.startup.HostConfig deployDirectory
Información: Despliegue del directorio C:\DOCUMENTOS\master2\seguridad\WebGoat-5.4\tomcat\webapps\ROOT de la aplicación web
feb 23, 2015 5:54:48 PM org.apache.catalina.startup.HostConfig deployDirectory
Información: Despliegue del directorio C:\DOCUMENTOS\master2\seguridad\WebGoat-5.4\tomcat\webapps\ROOT de la aplicación web
feb 23, 2015 5:54:48 PM org.apache.coyote.AbstractProtocol start
Información: Starting ProtocolHandler ["http-bio-127.0.0.1-8080"]
feb 23, 2015 5:54:48 PM org.apache.coyote.AbstractProtocol start
Información: Starting ProtocolHandler ["http-bio-127.0.0.1-80"]
feb 23, 2015 5:54:48 PM org.apache.coyote.AbstractProtocol start
Información: Starting ProtocolHandler ["ajp-bio-8009"]
feb 23, 2015 5:54:48 PM org.apache.catalina.startup.Catalina start
Información: Server startup in 4240 ms
feb 23, 2015 5:54:48 PM org.apache.catalina.startup.Catalina start
Información: Server startup in 4287 ms
feb 23, 2015 5:54:48 PM org.apache.catalina.core.StandardServer await
Grave: StandardServer.await: create[localhost:8005]: 
java.net.BindException: Address already in use: JVM_Bind
	at java.net.DualStackPlainSocketImpl.bind0(Native Method)
	at java.net.DualStackPlainSocketImpl.socketBind(Unknown Source)
	at java.net.AbstractPlainSocketImpl.bind(Unknown Source)
	at java.net.PlainSocketImpl.bind(Unknown Source)
	at java.net.ServerSocket.bind(Unknown Source)
	at java.net.ServerSocket.<init>(Unknown Source)
	at org.apache.catalina.core.StandardServer.await(StandardServer.java:427)
	at org.apache.catalina.startup.Catalina.await(Catalina.java:757)
	at org.apache.catalina.startup.Catalina.start(Catalina.java:703)
	at sun.reflect.NativeMethodAccessorImpl.invoke0(Native Method)
	at sun.reflect.NativeMethodAccessorImpl.invoke(Unknown Source)
	at sun.reflect.DelegatingMethodAccessorImpl.invoke(Unknown Source)
	at java.lang.reflect.Method.invoke(Unknown Source)
	at org.apache.catalina.startup.Bootstrap.start(Bootstrap.java:322)
	at org.apache.catalina.startup.Bootstrap.main(Bootstrap.java:450)

feb 23, 2015 5:54:48 PM org.apache.coyote.AbstractProtocol pause
Información: Pausing ProtocolHandler ["http-bio-127.0.0.1-8080"]
feb 23, 2015 5:54:49 PM org.apache.coyote.AbstractProtocol pause
Información: Pausing ProtocolHandler ["ajp-bio-8009"]
feb 23, 2015 5:54:49 PM org.apache.catalina.core.StandardService stopInternal
Información: Parando servicio Catalina
feb 23, 2015 5:54:49 PM org.apache.catalina.loader.WebappClassLoader checkThreadLocalMapForLeaks
Grave: La aplicación web [/WebGoat] creó un ThreadLocal con clave del tipo [org.apache.axis.utils.XMLUtils.ThreadLocalDocumentBuilder] (valor [org.apache.axis.utils.XMLUtils$ThreadLocalDocumentBuilder@404c85]) y un valor del tipo [com.sun.org.apache.xerces.internal.jaxp.DocumentBuilderImpl] (valor [com.sun.org.apache.xerces.internal.jaxp.DocumentBuilderImpl@15fdf14]) pero no pudo quitarlo cuando la aplicación web se paró. Los hilos se van a renovar con el tiempo para intentar evitar in posible fallo de memoria.
feb 23, 2015 5:54:49 PM org.apache.coyote.AbstractProtocol stop
Información: Stopping ProtocolHandler ["http-bio-127.0.0.1-8080"]
feb 23, 2015 5:54:49 PM org.apache.coyote.AbstractProtocol stop
Información: Stopping ProtocolHandler ["ajp-bio-8009"]
feb 23, 2015 5:54:49 PM org.apache.coyote.AbstractProtocol destroy
Información: Destroying ProtocolHandler ["http-bio-127.0.0.1-8080"]
feb 23, 2015 5:54:49 PM org.apache.coyote.AbstractProtocol destroy
Información: Destroying ProtocolHandler ["ajp-bio-8009"]
feb 23, 2015 5:57:09 PM org.apache.catalina.core.AprLifecycleListener init
Información: La biblioteca nativa de Apache Tomcat basada en ARP que permite un rendimiento óptimo en entornos de desarrollo no ha sido hallada en java.library.path: C:\DOCUMENTOS\master2\seguridad\WebGoat-5.4\java\bin;C:\Windows\Sun\Java\bin;C:\Windows\system32;C:\Windows;C:\Program Files (x86)\CollabNet;C:\utils\radstudio\radstudio\Embarcadero\RAD Studio\12.0\bin;C:\Users\Public\Documents\RAD Studio\12.0\Bpl;C:\utils\radstudio\radstudio\Embarcadero\RAD Studio\12.0\bin64;C:\Users\Public\Documents\RAD Studio\12.0\Bpl\Win64;C:\Windows\system32;C:\Windows;C:\Windows\System32\Wbem;C:\Windows\System32\WindowsPowerShell\v1.0\;C:\utils\Git\cmd;C:\Program Files (x86)\GnuWin32\bin;.
feb 23, 2015 5:57:09 PM org.apache.catalina.startup.SetAllPropertiesRule begin
Advertencia: [SetAllPropertiesRule]{Server/Service/Connector} Setting property 'maxSpareThreads' to '75' did not find a matching property.
feb 23, 2015 5:57:09 PM org.apache.coyote.AbstractProtocol init
Información: Initializing ProtocolHandler ["http-bio-127.0.0.1-80"]
feb 23, 2015 5:57:09 PM org.apache.coyote.AbstractProtocol init
Información: Initializing ProtocolHandler ["ajp-bio-8009"]
feb 23, 2015 5:57:09 PM org.apache.catalina.startup.Catalina load
Información: Initialization processed in 584 ms
feb 23, 2015 5:57:09 PM org.apache.catalina.core.StandardService startInternal
Información: Arrancando servicio Catalina
feb 23, 2015 5:57:09 PM org.apache.catalina.core.StandardEngine startInternal
Información: Starting Servlet Engine: Apache Tomcat/7.0.27
feb 23, 2015 5:57:10 PM org.apache.catalina.startup.HostConfig deployWAR
Información: Despliegue del archivo C:\DOCUMENTOS\master2\seguridad\WebGoat-5.4\tomcat\webapps\WebGoat.war de la aplicación web
feb 23, 2015 5:57:10 PM org.apache.catalina.startup.HostConfig deployDirectory
Información: Despliegue del directorio C:\DOCUMENTOS\master2\seguridad\WebGoat-5.4\tomcat\webapps\host-manager de la aplicación web
feb 23, 2015 5:57:10 PM org.apache.catalina.startup.HostConfig deployDirectory
Información: Despliegue del directorio C:\DOCUMENTOS\master2\seguridad\WebGoat-5.4\tomcat\webapps\manager de la aplicación web
feb 23, 2015 5:57:11 PM org.apache.catalina.startup.HostConfig deployDirectory
Información: Despliegue del directorio C:\DOCUMENTOS\master2\seguridad\WebGoat-5.4\tomcat\webapps\ROOT de la aplicación web
feb 23, 2015 5:57:11 PM org.apache.coyote.AbstractProtocol start
Información: Starting ProtocolHandler ["http-bio-127.0.0.1-80"]
feb 23, 2015 5:57:11 PM org.apache.coyote.AbstractProtocol start
Información: Starting ProtocolHandler ["ajp-bio-8009"]
feb 23, 2015 5:57:11 PM org.apache.catalina.startup.Catalina start
Información: Server startup in 1182 ms
feb 23, 2015 5:59:04 PM org.apache.coyote.AbstractProtocol pause
Información: Pausing ProtocolHandler ["http-bio-127.0.0.1-80"]
feb 23, 2015 5:59:04 PM org.apache.coyote.AbstractProtocol pause
Información: Pausing ProtocolHandler ["ajp-bio-8009"]
feb 23, 2015 5:59:04 PM org.apache.catalina.core.StandardService stopInternal
Información: Parando servicio Catalina
feb 23, 2015 5:59:04 PM org.apache.coyote.AbstractProtocol stop
Información: Stopping ProtocolHandler ["http-bio-127.0.0.1-80"]
feb 23, 2015 5:59:04 PM org.apache.coyote.AbstractProtocol stop
Información: Stopping ProtocolHandler ["ajp-bio-8009"]
feb 23, 2015 5:59:04 PM org.apache.coyote.AbstractProtocol destroy
Información: Destroying ProtocolHandler ["http-bio-127.0.0.1-80"]
feb 23, 2015 5:59:04 PM org.apache.coyote.AbstractProtocol destroy
Información: Destroying ProtocolHandler ["ajp-bio-8009"]
feb 23, 2015 5:59:08 PM org.apache.catalina.core.AprLifecycleListener init
Información: La biblioteca nativa de Apache Tomcat basada en ARP que permite un rendimiento óptimo en entornos de desarrollo no ha sido hallada en java.library.path: C:\DOCUMENTOS\master2\seguridad\WebGoat-5.4\java\bin;C:\Windows\Sun\Java\bin;C:\Windows\system32;C:\Windows;C:\Program Files (x86)\CollabNet;C:\utils\radstudio\radstudio\Embarcadero\RAD Studio\12.0\bin;C:\Users\Public\Documents\RAD Studio\12.0\Bpl;C:\utils\radstudio\radstudio\Embarcadero\RAD Studio\12.0\bin64;C:\Users\Public\Documents\RAD Studio\12.0\Bpl\Win64;C:\Windows\system32;C:\Windows;C:\Windows\System32\Wbem;C:\Windows\System32\WindowsPowerShell\v1.0\;C:\utils\Git\cmd;C:\Program Files (x86)\GnuWin32\bin;.
feb 23, 2015 5:59:08 PM org.apache.catalina.startup.SetAllPropertiesRule begin
Advertencia: [SetAllPropertiesRule]{Server/Service/Connector} Setting property 'maxSpareThreads' to '75' did not find a matching property.
feb 23, 2015 5:59:08 PM org.apache.coyote.AbstractProtocol init
Información: Initializing ProtocolHandler ["http-bio-127.0.0.1-8080"]
feb 23, 2015 5:59:08 PM org.apache.coyote.AbstractProtocol init
Información: Initializing ProtocolHandler ["ajp-bio-8009"]
feb 23, 2015 5:59:08 PM org.apache.catalina.startup.Catalina load
Información: Initialization processed in 539 ms
feb 23, 2015 5:59:08 PM org.apache.catalina.core.StandardService startInternal
Información: Arrancando servicio Catalina
feb 23, 2015 5:59:08 PM org.apache.catalina.core.StandardEngine startInternal
Información: Starting Servlet Engine: Apache Tomcat/7.0.27
feb 23, 2015 5:59:08 PM org.apache.catalina.startup.HostConfig deployWAR
Información: Despliegue del archivo C:\DOCUMENTOS\master2\seguridad\WebGoat-5.4\tomcat\webapps\WebGoat.war de la aplicación web
feb 23, 2015 5:59:09 PM org.apache.catalina.startup.HostConfig deployDirectory
Información: Despliegue del directorio C:\DOCUMENTOS\master2\seguridad\WebGoat-5.4\tomcat\webapps\host-manager de la aplicación web
feb 23, 2015 5:59:09 PM org.apache.catalina.startup.HostConfig deployDirectory
Información: Despliegue del directorio C:\DOCUMENTOS\master2\seguridad\WebGoat-5.4\tomcat\webapps\manager de la aplicación web
feb 23, 2015 5:59:09 PM org.apache.catalina.startup.HostConfig deployDirectory
Información: Despliegue del directorio C:\DOCUMENTOS\master2\seguridad\WebGoat-5.4\tomcat\webapps\ROOT de la aplicación web
feb 23, 2015 5:59:09 PM org.apache.coyote.AbstractProtocol start
Información: Starting ProtocolHandler ["http-bio-127.0.0.1-8080"]
feb 23, 2015 5:59:09 PM org.apache.coyote.AbstractProtocol start
Información: Starting ProtocolHandler ["ajp-bio-8009"]
feb 23, 2015 5:59:09 PM org.apache.catalina.startup.Catalina start
Información: Server startup in 998 ms
feb 23, 2015 6:17:22 PM org.apache.coyote.AbstractProtocol pause
Información: Pausing ProtocolHandler ["http-bio-127.0.0.1-8080"]
feb 23, 2015 6:17:22 PM org.apache.coyote.AbstractProtocol pause
Información: Pausing ProtocolHandler ["ajp-bio-8009"]
feb 23, 2015 6:17:22 PM org.apache.catalina.core.StandardService stopInternal
Información: Parando servicio Catalina
feb 23, 2015 6:17:22 PM org.apache.catalina.loader.WebappClassLoader clearReferencesJdbc
Grave: La aplicación web [/WebGoat] registró el conductor JDBC [org.hsqldb.jdbcDriver] pero falló al anular el registro mientras la aplicación web estaba parada. Para prevenir un fallo de memoria, se ha anulado el registro del conductor JDBC por la fuerza.
feb 23, 2015 6:17:22 PM org.apache.coyote.AbstractProtocol stop
Información: Stopping ProtocolHandler ["http-bio-127.0.0.1-8080"]
feb 23, 2015 6:17:22 PM org.apache.coyote.AbstractProtocol stop
Información: Stopping ProtocolHandler ["ajp-bio-8009"]
feb 23, 2015 6:17:22 PM org.apache.coyote.AbstractProtocol destroy
Información: Destroying ProtocolHandler ["http-bio-127.0.0.1-8080"]
feb 23, 2015 6:17:22 PM org.apache.coyote.AbstractProtocol destroy
Información: Destroying ProtocolHandler ["ajp-bio-8009"]
