feb 09, 2015 5:49:48 PM org.apache.catalina.core.AprLifecycleListener init
Información: La biblioteca nativa de Apache Tomcat basada en ARP que permite un rendimiento óptimo en entornos de desarrollo no ha sido hallada en java.library.path: C:\DOCUMENTOS\master2\seguridad\WebGoat-5.4\java\bin;C:\Windows\Sun\Java\bin;C:\Windows\system32;C:\Windows;C:\Program Files (x86)\CollabNet;C:\utils\radstudio\radstudio\Embarcadero\RAD Studio\12.0\bin;C:\Users\Public\Documents\RAD Studio\12.0\Bpl;C:\utils\radstudio\radstudio\Embarcadero\RAD Studio\12.0\bin64;C:\Users\Public\Documents\RAD Studio\12.0\Bpl\Win64;C:\Windows\system32;C:\Windows;C:\Windows\System32\Wbem;C:\Windows\System32\WindowsPowerShell\v1.0\;C:\utils\Git\cmd;.
feb 09, 2015 5:49:48 PM org.apache.catalina.startup.SetAllPropertiesRule begin
Advertencia: [SetAllPropertiesRule]{Server/Service/Connector} Setting property 'maxSpareThreads' to '75' did not find a matching property.
feb 09, 2015 5:49:48 PM org.apache.coyote.AbstractProtocol init
Información: Initializing ProtocolHandler ["http-bio-127.0.0.1-8080"]
feb 09, 2015 5:49:48 PM org.apache.coyote.AbstractProtocol init
Información: Initializing ProtocolHandler ["ajp-bio-8009"]
feb 09, 2015 5:49:48 PM org.apache.catalina.startup.Catalina load
Información: Initialization processed in 764 ms
feb 09, 2015 5:49:48 PM org.apache.catalina.core.StandardService startInternal
Información: Arrancando servicio Catalina
feb 09, 2015 5:49:48 PM org.apache.catalina.core.StandardEngine startInternal
Información: Starting Servlet Engine: Apache Tomcat/7.0.27
feb 09, 2015 5:49:48 PM org.apache.catalina.startup.HostConfig deployWAR
Información: Despliegue del archivo C:\DOCUMENTOS\master2\seguridad\WebGoat-5.4\tomcat\webapps\WebGoat.war de la aplicación web
feb 09, 2015 5:49:54 PM org.apache.catalina.startup.HostConfig deployDirectory
Información: Despliegue del directorio C:\DOCUMENTOS\master2\seguridad\WebGoat-5.4\tomcat\webapps\host-manager de la aplicación web
feb 09, 2015 5:49:54 PM org.apache.catalina.startup.HostConfig deployDirectory
Información: Despliegue del directorio C:\DOCUMENTOS\master2\seguridad\WebGoat-5.4\tomcat\webapps\manager de la aplicación web
feb 09, 2015 5:49:54 PM org.apache.catalina.startup.HostConfig deployDirectory
Información: Despliegue del directorio C:\DOCUMENTOS\master2\seguridad\WebGoat-5.4\tomcat\webapps\ROOT de la aplicación web
feb 09, 2015 5:49:54 PM org.apache.coyote.AbstractProtocol start
Información: Starting ProtocolHandler ["http-bio-127.0.0.1-8080"]
feb 09, 2015 5:49:54 PM org.apache.coyote.AbstractProtocol start
Información: Starting ProtocolHandler ["ajp-bio-8009"]
feb 09, 2015 5:49:54 PM org.apache.catalina.startup.Catalina start
Información: Server startup in 6099 ms
feb 09, 2015 8:03:09 PM org.apache.coyote.AbstractProtocol pause
Información: Pausing ProtocolHandler ["http-bio-127.0.0.1-8080"]
