mar 01, 2015 5:48:54 PM org.apache.catalina.core.AprLifecycleListener init
Información: La biblioteca nativa de Apache Tomcat basada en ARP que permite un rendimiento óptimo en entornos de desarrollo no ha sido hallada en java.library.path: C:\DOCUMENTOS\master2\seguridad\WebGoat-5.4\java\bin;C:\Windows\Sun\Java\bin;C:\Windows\system32;C:\Windows;C:\ProgramData\Oracle\Java\javapath;C:\Program Files (x86)\CollabNet;C:\utils\radstudio\radstudio\Embarcadero\RAD Studio\12.0\bin;C:\Users\Public\Documents\RAD Studio\12.0\Bpl;C:\utils\radstudio\radstudio\Embarcadero\RAD Studio\12.0\bin64;C:\Users\Public\Documents\RAD Studio\12.0\Bpl\Win64;C:\Windows\system32;C:\Windows;C:\Windows\System32\Wbem;C:\Windows\System32\WindowsPowerShell\v1.0\;C:\utils\Git\cmd;C:\Program Files (x86)\GnuWin32\bin;C:\apache-maven-3.2.5\bin;.
mar 01, 2015 5:48:54 PM org.apache.catalina.startup.SetAllPropertiesRule begin
Advertencia: [SetAllPropertiesRule]{Server/Service/Connector} Setting property 'maxSpareThreads' to '75' did not find a matching property.
mar 01, 2015 5:48:54 PM org.apache.coyote.AbstractProtocol init
Información: Initializing ProtocolHandler ["http-bio-127.0.0.1-8080"]
mar 01, 2015 5:48:54 PM org.apache.coyote.AbstractProtocol init
Información: Initializing ProtocolHandler ["ajp-bio-8009"]
mar 01, 2015 5:48:54 PM org.apache.catalina.startup.Catalina load
Información: Initialization processed in 636 ms
mar 01, 2015 5:48:54 PM org.apache.catalina.core.StandardService startInternal
Información: Arrancando servicio Catalina
mar 01, 2015 5:48:54 PM org.apache.catalina.core.StandardEngine startInternal
Información: Starting Servlet Engine: Apache Tomcat/7.0.27
mar 01, 2015 5:48:54 PM org.apache.catalina.startup.HostConfig deployWAR
Información: Despliegue del archivo C:\DOCUMENTOS\master2\seguridad\WebGoat-5.4\tomcat\webapps\WebGoat.war de la aplicación web
mar 01, 2015 5:48:55 PM org.apache.catalina.startup.HostConfig deployDirectory
Información: Despliegue del directorio C:\DOCUMENTOS\master2\seguridad\WebGoat-5.4\tomcat\webapps\host-manager de la aplicación web
mar 01, 2015 5:48:55 PM org.apache.catalina.startup.HostConfig deployDirectory
Información: Despliegue del directorio C:\DOCUMENTOS\master2\seguridad\WebGoat-5.4\tomcat\webapps\manager de la aplicación web
mar 01, 2015 5:48:55 PM org.apache.catalina.startup.HostConfig deployDirectory
Información: Despliegue del directorio C:\DOCUMENTOS\master2\seguridad\WebGoat-5.4\tomcat\webapps\ROOT de la aplicación web
mar 01, 2015 5:48:55 PM org.apache.coyote.AbstractProtocol start
Información: Starting ProtocolHandler ["http-bio-127.0.0.1-8080"]
mar 01, 2015 5:48:55 PM org.apache.coyote.AbstractProtocol start
Información: Starting ProtocolHandler ["ajp-bio-8009"]
mar 01, 2015 5:48:55 PM org.apache.catalina.startup.Catalina start
Información: Server startup in 1178 ms
mar 01, 2015 6:58:41 PM org.apache.coyote.AbstractProtocol pause
Información: Pausing ProtocolHandler ["http-bio-127.0.0.1-8080"]
mar 01, 2015 6:58:41 PM org.apache.coyote.AbstractProtocol pause
Información: Pausing ProtocolHandler ["ajp-bio-8009"]
mar 01, 2015 6:58:41 PM org.apache.catalina.core.StandardService stopInternal
Información: Parando servicio Catalina
mar 01, 2015 6:58:41 PM org.apache.catalina.loader.WebappClassLoader clearReferencesJdbc
Grave: La aplicación web [/WebGoat] registró el conductor JDBC [org.hsqldb.jdbcDriver] pero falló al anular el registro mientras la aplicación web estaba parada. Para prevenir un fallo de memoria, se ha anulado el registro del conductor JDBC por la fuerza.
mar 01, 2015 6:58:41 PM org.apache.coyote.AbstractProtocol stop
Información: Stopping ProtocolHandler ["http-bio-127.0.0.1-8080"]
mar 01, 2015 6:58:41 PM org.apache.coyote.AbstractProtocol stop
Información: Stopping ProtocolHandler ["ajp-bio-8009"]
mar 01, 2015 6:58:41 PM org.apache.coyote.AbstractProtocol destroy
Información: Destroying ProtocolHandler ["http-bio-127.0.0.1-8080"]
mar 01, 2015 6:58:41 PM org.apache.coyote.AbstractProtocol destroy
Información: Destroying ProtocolHandler ["ajp-bio-8009"]
